[23:41:25] [main/INFO]: Loading Minecraft 1.20.1 with Fabric Loader 0.16.3
[23:41:25] [main/INFO]: Loading 10 mods:
	- fabricloader 0.16.3
	   \-- mixinextras 0.4.1
	- java 17
	- minecraft 1.20.1
	- voicechat 1.20.1-2.5.26
	   |-- fabric-api-base 0.4.29+b04edc7a82
	   |-- fabric-command-api-v2 2.2.11+b3afc78b82
	   |-- fabric-key-binding-api-v1 1.0.36+fb8d95da82
	   |-- fabric-lifecycle-events-v1 2.2.20+b3afc78b82
	   |-- fabric-networking-api-v1 1.3.8+b3afc78b82
	   \-- fabric-resource-loader-v0 0.11.7+f7923f6d82
[23:41:25] [main/INFO]: SpongePowered MIXIN Subsystem Version=0.8.7 Source=file:/workspaces/Ultra-Hardcore/servidor_minecraft/libraries/net/fabricmc/sponge-mixin/0.15.2+mixin.0.8.7/sponge-mixin-0.15.2+mixin.0.8.7.jar Service=Knot/Fabric Env=SERVER
[23:41:25] [main/INFO]: Compatibility level set to JAVA_16
[23:41:26] [main/INFO]: Compatibility level set to JAVA_17
[23:41:27] [main/INFO]: Initializing MixinExtras via com.llamalad7.mixinextras.service.MixinExtrasServiceImpl(version=0.4.1).
[23:41:35] [main/INFO]: [voicechat] Compatibility version 18
[23:41:35] [main/INFO]: [voicechat] Loading plugins
[23:41:35] [main/INFO]: [voicechat] Loaded 0 plugin(s)
[23:41:35] [main/INFO]: [voicechat] Initializing plugins
[23:41:35] [main/INFO]: [voicechat] Initialized 0 plugin(s)
[23:41:35] [main/INFO]: Environment: authHost='https://authserver.mojang.com', accountsHost='https://api.mojang.com', sessionHost='https://sessionserver.mojang.com', servicesHost='https://api.minecraftservices.com', name='PROD'
[23:41:38] [main/INFO]: Loaded 7 recipes
[23:41:38] [main/INFO]: Loaded 1271 advancements
[23:41:39] [Server thread/INFO]: Starting minecraft server version 1.20.1
[23:41:39] [Server thread/INFO]: Loading properties
[23:41:39] [Server thread/INFO]: Default game type: SURVIVAL
[23:41:39] [Server thread/INFO]: Generating keypair
[23:41:39] [Server thread/INFO]: Starting Minecraft server on *:25565
[23:41:39] [Server thread/INFO]: Using epoll channel type
[23:41:40] [Server thread/WARN]: **** SERVER IS RUNNING IN OFFLINE/INSECURE MODE!
[23:41:40] [Server thread/WARN]: The server will make no attempt to authenticate usernames. Beware.
[23:41:40] [Server thread/WARN]: While this makes the game possible to play without internet access, it also opens up the ability for hackers to connect with any username they choose.
[23:41:40] [Server thread/WARN]: To change this, set "online-mode" to "true" in the server.properties file.
[23:41:40] [Server thread/INFO]: Preparing level "world"
[23:41:52] [Server thread/INFO]: Preparing start region for dimension minecraft:overworld
[23:41:54] [Worker-Main-1/INFO]: Preparing spawn area: 0%
[23:41:54] [Worker-Main-1/INFO]: Preparing spawn area: 0%
[23:41:54] [Worker-Main-1/INFO]: Preparing spawn area: 0%
[23:41:54] [Worker-Main-1/INFO]: Preparing spawn area: 0%
[23:41:54] [Worker-Main-1/INFO]: Preparing spawn area: 0%
[23:41:55] [Worker-Main-1/INFO]: Preparing spawn area: 0%
[23:41:56] [Worker-Main-1/INFO]: Preparing spawn area: 0%
[23:41:56] [Worker-Main-1/INFO]: Preparing spawn area: 0%
[23:41:56] [Worker-Main-1/INFO]: Preparing spawn area: 0%
[23:41:57] [Worker-Main-1/INFO]: Preparing spawn area: 0%
[23:41:57] [Worker-Main-1/INFO]: Preparing spawn area: 0%
[23:41:58] [Worker-Main-1/INFO]: Preparing spawn area: 0%
[23:41:58] [Worker-Main-1/INFO]: Preparing spawn area: 0%
[23:41:59] [Worker-Main-1/INFO]: Preparing spawn area: 0%
[23:41:59] [Worker-Main-1/INFO]: Preparing spawn area: 0%
[23:42:00] [Worker-Main-1/INFO]: Preparing spawn area: 0%
[23:42:00] [Worker-Main-1/INFO]: Preparing spawn area: 0%
[23:42:01] [Worker-Main-1/INFO]: Preparing spawn area: 0%
[23:42:01] [Worker-Main-1/INFO]: Preparing spawn area: 0%
[23:42:02] [Worker-Main-1/INFO]: Preparing spawn area: 0%
[23:42:02] [Worker-Main-1/INFO]: Preparing spawn area: 0%
[23:42:03] [Worker-Main-1/INFO]: Preparing spawn area: 0%
[23:42:03] [Worker-Main-1/INFO]: Preparing spawn area: 0%
[23:42:04] [Worker-Main-1/INFO]: Preparing spawn area: 0%
[23:42:04] [Worker-Main-1/INFO]: Preparing spawn area: 0%
[23:42:05] [Worker-Main-1/INFO]: Preparing spawn area: 0%
[23:42:05] [Worker-Main-1/INFO]: Preparing spawn area: 0%
[23:42:06] [Worker-Main-1/INFO]: Preparing spawn area: 0%
[23:42:06] [Worker-Main-1/INFO]: Preparing spawn area: 0%
[23:42:07] [Worker-Main-1/INFO]: Preparing spawn area: 0%
[23:42:07] [Worker-Main-1/INFO]: Preparing spawn area: 0%
[23:42:08] [Worker-Main-1/INFO]: Preparing spawn area: 0%
[23:42:08] [Worker-Main-1/INFO]: Preparing spawn area: 0%
[23:42:09] [Worker-Main-1/INFO]: Preparing spawn area: 0%
[23:42:09] [Worker-Main-1/INFO]: Preparing spawn area: 0%
[23:42:10] [Worker-Main-1/INFO]: Preparing spawn area: 0%
[23:42:10] [Worker-Main-1/INFO]: Preparing spawn area: 0%
[23:42:11] [Worker-Main-1/INFO]: Preparing spawn area: 0%
[23:42:11] [Worker-Main-1/INFO]: Preparing spawn area: 0%
[23:42:12] [Worker-Main-1/INFO]: Preparing spawn area: 0%
[23:42:12] [Worker-Main-1/INFO]: Preparing spawn area: 0%
[23:42:13] [Worker-Main-1/INFO]: Preparing spawn area: 0%
[23:42:13] [Worker-Main-1/INFO]: Preparing spawn area: 0%
[23:42:14] [Worker-Main-1/INFO]: Preparing spawn area: 0%
[23:42:14] [Worker-Main-1/INFO]: Preparing spawn area: 0%
[23:42:15] [Worker-Main-1/INFO]: Preparing spawn area: 0%
[23:42:15] [Worker-Main-1/INFO]: Preparing spawn area: 0%
[23:42:16] [Worker-Main-1/INFO]: Preparing spawn area: 0%
[23:42:16] [Worker-Main-1/INFO]: Preparing spawn area: 0%
[23:42:17] [Worker-Main-1/INFO]: Preparing spawn area: 0%
[23:42:17] [Worker-Main-1/INFO]: Preparing spawn area: 0%
[23:42:18] [Worker-Main-1/INFO]: Preparing spawn area: 0%
[23:42:18] [Worker-Main-1/INFO]: Preparing spawn area: 0%
[23:42:19] [Worker-Main-1/INFO]: Preparing spawn area: 0%
[23:42:19] [Worker-Main-1/INFO]: Preparing spawn area: 0%
[23:42:20] [Worker-Main-1/INFO]: Preparing spawn area: 0%
[23:42:20] [Worker-Main-1/INFO]: Preparing spawn area: 0%
[23:42:21] [Worker-Main-1/INFO]: Preparing spawn area: 0%
[23:42:21] [Worker-Main-1/INFO]: Preparing spawn area: 0%
[23:42:22] [Worker-Main-1/INFO]: Preparing spawn area: 0%
[23:42:22] [Worker-Main-1/INFO]: Preparing spawn area: 0%
[23:42:23] [Worker-Main-1/INFO]: Preparing spawn area: 0%
[23:42:23] [Worker-Main-1/INFO]: Preparing spawn area: 0%
[23:42:24] [Worker-Main-1/INFO]: Preparing spawn area: 0%
[23:42:26] [Worker-Main-1/INFO]: Preparing spawn area: 0%
[23:42:26] [Worker-Main-1/INFO]: Preparing spawn area: 0%
[23:42:26] [Worker-Main-1/INFO]: Preparing spawn area: 0%
[23:42:26] [Worker-Main-1/INFO]: Preparing spawn area: 0%
[23:42:26] [Worker-Main-1/INFO]: Preparing spawn area: 0%
[23:42:27] [Worker-Main-1/INFO]: Preparing spawn area: 0%
[23:42:27] [Worker-Main-1/INFO]: Preparing spawn area: 0%
[23:42:28] [Worker-Main-1/INFO]: Preparing spawn area: 0%
[23:42:28] [Worker-Main-1/INFO]: Preparing spawn area: 0%
[23:42:29] [Worker-Main-1/INFO]: Preparing spawn area: 0%
[23:42:29] [Worker-Main-1/INFO]: Preparing spawn area: 0%
[23:42:30] [Worker-Main-1/INFO]: Preparing spawn area: 0%
[23:42:30] [Worker-Main-1/INFO]: Preparing spawn area: 0%
[23:42:31] [Worker-Main-1/INFO]: Preparing spawn area: 0%
[23:42:31] [Worker-Main-1/INFO]: Preparing spawn area: 0%
[23:42:32] [Worker-Main-1/INFO]: Preparing spawn area: 0%
[23:42:32] [Worker-Main-1/INFO]: Preparing spawn area: 0%
[23:42:33] [Worker-Main-1/INFO]: Preparing spawn area: 0%
[23:42:33] [Worker-Main-1/INFO]: Preparing spawn area: 0%
[23:42:34] [Worker-Main-1/INFO]: Preparing spawn area: 0%
[23:42:34] [Worker-Main-1/INFO]: Preparing spawn area: 0%
[23:42:35] [Worker-Main-1/INFO]: Preparing spawn area: 0%
[23:42:35] [Worker-Main-1/INFO]: Preparing spawn area: 0%
[23:42:36] [Worker-Main-1/INFO]: Preparing spawn area: 0%
[23:42:36] [Worker-Main-1/INFO]: Preparing spawn area: 0%
[23:42:37] [Worker-Main-1/INFO]: Preparing spawn area: 0%
[23:42:38] [Worker-Main-1/INFO]: Preparing spawn area: 0%
[23:42:38] [Worker-Main-1/INFO]: Preparing spawn area: 0%
[23:42:39] [Worker-Main-1/INFO]: Preparing spawn area: 22%
[23:42:39] [Worker-Main-1/INFO]: Preparing spawn area: 78%
[23:42:42] [Server thread/INFO]: Time elapsed: 49116 ms
[23:42:42] [Server thread/INFO]: Done (61.810s)! For help, type "help"
[23:42:42] [Server thread/WARN]: [voicechat] Running in offline mode - Voice chat encryption is not secure!
[23:42:42] [VoiceChatServerThread/INFO]: [voicechat] Voice chat server started at port 24454
[23:43:11] [Server thread/INFO]: Stopping the server
[23:43:11] [Server thread/INFO]: Stopping server
[23:43:11] [Server thread/INFO]: Saving players
[23:43:11] [Server thread/INFO]: Saving worlds
[23:43:14] [Server thread/INFO]: Saving chunks for level 'ServerLevel[world]'/minecraft:overworld
[23:43:14] [Server thread/INFO]: Saving chunks for level 'ServerLevel[world]'/minecraft:the_nether
[23:43:14] [Server thread/INFO]: Saving chunks for level 'ServerLevel[world]'/minecraft:the_end
[23:43:14] [Server thread/INFO]: ThreadedAnvilChunkStorage (world): All chunks are saved
[23:43:14] [Server thread/INFO]: ThreadedAnvilChunkStorage (DIM-1): All chunks are saved
[23:43:14] [Server thread/INFO]: ThreadedAnvilChunkStorage (DIM1): All chunks are saved
[23:43:14] [Server thread/INFO]: ThreadedAnvilChunkStorage: All dimensions are saved
